<?xml version="1.0" encoding="UTF-8"?>
<testsuite xmlns:xsi="http://www.w3.org/2001/XMLSchema-instance" xsi:noNamespaceSchemaLocation="https://maven.apache.org/surefire/maven-surefire-plugin/xsd/surefire-test-report-3.0.xsd" version="3.0" name="com.app.MyResourceTest" time="0.54" tests="1" errors="1" skipped="0" failures="0">
  <properties>
    <property name="sun.desktop" value="gnome"/>
    <property name="awt.toolkit" value="sun.awt.X11.XToolkit"/>
    <property name="java.specification.version" value="11"/>
    <property name="sun.cpu.isalist" value=""/>
    <property name="sun.jnu.encoding" value="UTF-8"/>
    <property name="java.class.path" value="/home/fcd/Desktop/PDM/project/ApplicationServer/target/test-classes:/home/fcd/Desktop/PDM/project/ApplicationServer/target/classes:/home/fcd/.m2/repository/org/glassfish/jersey/containers/jersey-container-jetty-http/3.0.2/jersey-container-jetty-http-3.0.2.jar:/home/fcd/.m2/repository/jakarta/inject/jakarta.inject-api/2.0.0/jakarta.inject-api-2.0.0.jar:/home/fcd/.m2/repository/org/eclipse/jetty/jetty-server/11.0.0/jetty-server-11.0.0.jar:/home/fcd/.m2/repository/org/eclipse/jetty/jetty-http/11.0.0/jetty-http-11.0.0.jar:/home/fcd/.m2/repository/org/eclipse/jetty/jetty-io/11.0.0/jetty-io-11.0.0.jar:/home/fcd/.m2/repository/org/eclipse/jetty/jetty-util/11.0.0/jetty-util-11.0.0.jar:/home/fcd/.m2/repository/org/glassfish/jersey/core/jersey-common/3.0.2/jersey-common-3.0.2.jar:/home/fcd/.m2/repository/jakarta/annotation/jakarta.annotation-api/2.0.0/jakarta.annotation-api-2.0.0.jar:/home/fcd/.m2/repository/org/glassfish/hk2/osgi-resource-locator/1.0.3/osgi-resource-locator-1.0.3.jar:/home/fcd/.m2/repository/org/glassfish/jersey/core/jersey-server/3.0.2/jersey-server-3.0.2.jar:/home/fcd/.m2/repository/org/glassfish/jersey/core/jersey-client/3.0.2/jersey-client-3.0.2.jar:/home/fcd/.m2/repository/jakarta/validation/jakarta.validation-api/3.0.0/jakarta.validation-api-3.0.0.jar:/home/fcd/.m2/repository/jakarta/ws/rs/jakarta.ws.rs-api/3.0.0/jakarta.ws.rs-api-3.0.0.jar:/home/fcd/.m2/repository/org/glassfish/jersey/inject/jersey-hk2/3.0.2/jersey-hk2-3.0.2.jar:/home/fcd/.m2/repository/org/glassfish/hk2/hk2-locator/3.0.1/hk2-locator-3.0.1.jar:/home/fcd/.m2/repository/org/glassfish/hk2/external/aopalliance-repackaged/3.0.1/aopalliance-repackaged-3.0.1.jar:/home/fcd/.m2/repository/org/glassfish/hk2/hk2-api/3.0.1/hk2-api-3.0.1.jar:/home/fcd/.m2/repository/org/glassfish/hk2/hk2-utils/3.0.1/hk2-utils-3.0.1.jar:/home/fcd/.m2/repository/org/javassist/javassist/3.25.0-GA/javassist-3.25.0-GA.jar:/home/fcd/.m2/repository/jakarta/servlet/jakarta.servlet-api/5.0.0/jakarta.servlet-api-5.0.0.jar:/home/fcd/.m2/repository/org/glassfish/jersey/media/jersey-media-json-jackson/3.0.2/jersey-media-json-jackson-3.0.2.jar:/home/fcd/.m2/repository/org/glassfish/jersey/ext/jersey-entity-filtering/3.0.2/jersey-entity-filtering-3.0.2.jar:/home/fcd/.m2/repository/com/fasterxml/jackson/core/jackson-annotations/2.12.2/jackson-annotations-2.12.2.jar:/home/fcd/.m2/repository/com/fasterxml/jackson/core/jackson-databind/2.12.2/jackson-databind-2.12.2.jar:/home/fcd/.m2/repository/com/fasterxml/jackson/core/jackson-core/2.12.2/jackson-core-2.12.2.jar:/home/fcd/.m2/repository/com/fasterxml/jackson/module/jackson-module-jaxb-annotations/2.12.2/jackson-module-jaxb-annotations-2.12.2.jar:/home/fcd/.m2/repository/javax/xml/bind/jaxb-api/2.3.1/jaxb-api-2.3.1.jar:/home/fcd/.m2/repository/javax/activation/javax.activation-api/1.2.0/javax.activation-api-1.2.0.jar:/home/fcd/.m2/repository/jakarta/activation/jakarta.activation-api/2.1.0/jakarta.activation-api-2.1.0.jar:/home/fcd/.m2/repository/org/junit/jupiter/junit-jupiter-params/5.8.2/junit-jupiter-params-5.8.2.jar:/home/fcd/.m2/repository/org/junit/jupiter/junit-jupiter-api/5.8.2/junit-jupiter-api-5.8.2.jar:/home/fcd/.m2/repository/org/opentest4j/opentest4j/1.2.0/opentest4j-1.2.0.jar:/home/fcd/.m2/repository/org/junit/platform/junit-platform-commons/1.8.2/junit-platform-commons-1.8.2.jar:/home/fcd/.m2/repository/org/apiguardian/apiguardian-api/1.1.2/apiguardian-api-1.1.2.jar:/home/fcd/.m2/repository/org/skyscreamer/jsonassert/1.5.0/jsonassert-1.5.0.jar:/home/fcd/.m2/repository/com/vaadin/external/google/android-json/0.0.20131108.vaadin1/android-json-0.0.20131108.vaadin1.jar:/home/fcd/.m2/repository/org/jooq/jooq/3.16.6/jooq-3.16.6.jar:/home/fcd/.m2/repository/io/r2dbc/r2dbc-spi/0.9.0.RELEASE/r2dbc-spi-0.9.0.RELEASE.jar:/home/fcd/.m2/repository/org/reactivestreams/reactive-streams/1.0.3/reactive-streams-1.0.3.jar:/home/fcd/.m2/repository/jakarta/xml/bind/jakarta.xml.bind-api/3.0.0/jakarta.xml.bind-api-3.0.0.jar:/home/fcd/.m2/repository/com/sun/activation/jakarta.activation/2.0.0/jakarta.activation-2.0.0.jar:/home/fcd/.m2/repository/org/jooq/jooq-meta/3.16.6/jooq-meta-3.16.6.jar:/home/fcd/.m2/repository/org/jooq/jooq-codegen/3.16.6/jooq-codegen-3.16.6.jar:/home/fcd/.m2/repository/org/postgresql/postgresql/42.3.4/postgresql-42.3.4.jar:/home/fcd/.m2/repository/org/checkerframework/checker-qual/3.5.0/checker-qual-3.5.0.jar:/home/fcd/.m2/repository/org/slf4j/slf4j-simple/2.0.0-alpha0/slf4j-simple-2.0.0-alpha0.jar:/home/fcd/.m2/repository/org/slf4j/slf4j-api/2.0.0-alpha0/slf4j-api-2.0.0-alpha0.jar:/home/fcd/.m2/repository/org/jasypt/jasypt/1.9.3/jasypt-1.9.3.jar:"/>
    <property name="java.vm.vendor" value="Private Build"/>
    <property name="sun.arch.data.model" value="64"/>
    <property name="java.vendor.url" value="Unknown"/>
    <property name="user.timezone" value="Europe/Lisbon"/>
    <property name="java.vm.specification.version" value="11"/>
    <property name="os.name" value="Linux"/>
    <property name="sun.java.launcher" value="SUN_STANDARD"/>
    <property name="user.country" value="PT"/>
    <property name="sun.boot.library.path" value="/usr/lib/jvm/java-11-openjdk-amd64/lib"/>
    <property name="sun.java.command" value="/home/fcd/Desktop/PDM/project/ApplicationServer/target/surefire/surefirebooter154132151574695029.jar /home/fcd/Desktop/PDM/project/ApplicationServer/target/surefire 2022-05-26T01-06-35_249-jvmRun1 surefire11001084067253575407tmp surefire_0931444824677388199tmp"/>
    <property name="jdk.debug" value="release"/>
    <property name="surefire.test.class.path" value="/home/fcd/Desktop/PDM/project/ApplicationServer/target/test-classes:/home/fcd/Desktop/PDM/project/ApplicationServer/target/classes:/home/fcd/.m2/repository/org/glassfish/jersey/containers/jersey-container-jetty-http/3.0.2/jersey-container-jetty-http-3.0.2.jar:/home/fcd/.m2/repository/jakarta/inject/jakarta.inject-api/2.0.0/jakarta.inject-api-2.0.0.jar:/home/fcd/.m2/repository/org/eclipse/jetty/jetty-server/11.0.0/jetty-server-11.0.0.jar:/home/fcd/.m2/repository/org/eclipse/jetty/jetty-http/11.0.0/jetty-http-11.0.0.jar:/home/fcd/.m2/repository/org/eclipse/jetty/jetty-io/11.0.0/jetty-io-11.0.0.jar:/home/fcd/.m2/repository/org/eclipse/jetty/jetty-util/11.0.0/jetty-util-11.0.0.jar:/home/fcd/.m2/repository/org/glassfish/jersey/core/jersey-common/3.0.2/jersey-common-3.0.2.jar:/home/fcd/.m2/repository/jakarta/annotation/jakarta.annotation-api/2.0.0/jakarta.annotation-api-2.0.0.jar:/home/fcd/.m2/repository/org/glassfish/hk2/osgi-resource-locator/1.0.3/osgi-resource-locator-1.0.3.jar:/home/fcd/.m2/repository/org/glassfish/jersey/core/jersey-server/3.0.2/jersey-server-3.0.2.jar:/home/fcd/.m2/repository/org/glassfish/jersey/core/jersey-client/3.0.2/jersey-client-3.0.2.jar:/home/fcd/.m2/repository/jakarta/validation/jakarta.validation-api/3.0.0/jakarta.validation-api-3.0.0.jar:/home/fcd/.m2/repository/jakarta/ws/rs/jakarta.ws.rs-api/3.0.0/jakarta.ws.rs-api-3.0.0.jar:/home/fcd/.m2/repository/org/glassfish/jersey/inject/jersey-hk2/3.0.2/jersey-hk2-3.0.2.jar:/home/fcd/.m2/repository/org/glassfish/hk2/hk2-locator/3.0.1/hk2-locator-3.0.1.jar:/home/fcd/.m2/repository/org/glassfish/hk2/external/aopalliance-repackaged/3.0.1/aopalliance-repackaged-3.0.1.jar:/home/fcd/.m2/repository/org/glassfish/hk2/hk2-api/3.0.1/hk2-api-3.0.1.jar:/home/fcd/.m2/repository/org/glassfish/hk2/hk2-utils/3.0.1/hk2-utils-3.0.1.jar:/home/fcd/.m2/repository/org/javassist/javassist/3.25.0-GA/javassist-3.25.0-GA.jar:/home/fcd/.m2/repository/jakarta/servlet/jakarta.servlet-api/5.0.0/jakarta.servlet-api-5.0.0.jar:/home/fcd/.m2/repository/org/glassfish/jersey/media/jersey-media-json-jackson/3.0.2/jersey-media-json-jackson-3.0.2.jar:/home/fcd/.m2/repository/org/glassfish/jersey/ext/jersey-entity-filtering/3.0.2/jersey-entity-filtering-3.0.2.jar:/home/fcd/.m2/repository/com/fasterxml/jackson/core/jackson-annotations/2.12.2/jackson-annotations-2.12.2.jar:/home/fcd/.m2/repository/com/fasterxml/jackson/core/jackson-databind/2.12.2/jackson-databind-2.12.2.jar:/home/fcd/.m2/repository/com/fasterxml/jackson/core/jackson-core/2.12.2/jackson-core-2.12.2.jar:/home/fcd/.m2/repository/com/fasterxml/jackson/module/jackson-module-jaxb-annotations/2.12.2/jackson-module-jaxb-annotations-2.12.2.jar:/home/fcd/.m2/repository/javax/xml/bind/jaxb-api/2.3.1/jaxb-api-2.3.1.jar:/home/fcd/.m2/repository/javax/activation/javax.activation-api/1.2.0/javax.activation-api-1.2.0.jar:/home/fcd/.m2/repository/jakarta/activation/jakarta.activation-api/2.1.0/jakarta.activation-api-2.1.0.jar:/home/fcd/.m2/repository/org/junit/jupiter/junit-jupiter-params/5.8.2/junit-jupiter-params-5.8.2.jar:/home/fcd/.m2/repository/org/junit/jupiter/junit-jupiter-api/5.8.2/junit-jupiter-api-5.8.2.jar:/home/fcd/.m2/repository/org/opentest4j/opentest4j/1.2.0/opentest4j-1.2.0.jar:/home/fcd/.m2/repository/org/junit/platform/junit-platform-commons/1.8.2/junit-platform-commons-1.8.2.jar:/home/fcd/.m2/repository/org/apiguardian/apiguardian-api/1.1.2/apiguardian-api-1.1.2.jar:/home/fcd/.m2/repository/org/skyscreamer/jsonassert/1.5.0/jsonassert-1.5.0.jar:/home/fcd/.m2/repository/com/vaadin/external/google/android-json/0.0.20131108.vaadin1/android-json-0.0.20131108.vaadin1.jar:/home/fcd/.m2/repository/org/jooq/jooq/3.16.6/jooq-3.16.6.jar:/home/fcd/.m2/repository/io/r2dbc/r2dbc-spi/0.9.0.RELEASE/r2dbc-spi-0.9.0.RELEASE.jar:/home/fcd/.m2/repository/org/reactivestreams/reactive-streams/1.0.3/reactive-streams-1.0.3.jar:/home/fcd/.m2/repository/jakarta/xml/bind/jakarta.xml.bind-api/3.0.0/jakarta.xml.bind-api-3.0.0.jar:/home/fcd/.m2/repository/com/sun/activation/jakarta.activation/2.0.0/jakarta.activation-2.0.0.jar:/home/fcd/.m2/repository/org/jooq/jooq-meta/3.16.6/jooq-meta-3.16.6.jar:/home/fcd/.m2/repository/org/jooq/jooq-codegen/3.16.6/jooq-codegen-3.16.6.jar:/home/fcd/.m2/repository/org/postgresql/postgresql/42.3.4/postgresql-42.3.4.jar:/home/fcd/.m2/repository/org/checkerframework/checker-qual/3.5.0/checker-qual-3.5.0.jar:/home/fcd/.m2/repository/org/slf4j/slf4j-simple/2.0.0-alpha0/slf4j-simple-2.0.0-alpha0.jar:/home/fcd/.m2/repository/org/slf4j/slf4j-api/2.0.0-alpha0/slf4j-api-2.0.0-alpha0.jar:/home/fcd/.m2/repository/org/jasypt/jasypt/1.9.3/jasypt-1.9.3.jar:"/>
    <property name="sun.cpu.endian" value="little"/>
    <property name="user.home" value="/home/fcd"/>
    <property name="user.language" value="pt"/>
    <property name="java.specification.vendor" value="Oracle Corporation"/>
    <property name="java.version.date" value="2022-04-19"/>
    <property name="java.home" value="/usr/lib/jvm/java-11-openjdk-amd64"/>
    <property name="file.separator" value="/"/>
    <property name="basedir" value="/home/fcd/Desktop/PDM/project/ApplicationServer"/>
    <property name="java.vm.compressedOopsMode" value="Zero based"/>
    <property name="line.separator" value="&#10;"/>
    <property name="java.specification.name" value="Java Platform API Specification"/>
    <property name="java.vm.specification.vendor" value="Oracle Corporation"/>
    <property name="java.awt.graphicsenv" value="sun.awt.X11GraphicsEnvironment"/>
    <property name="surefire.real.class.path" value="/home/fcd/Desktop/PDM/project/ApplicationServer/target/surefire/surefirebooter154132151574695029.jar"/>
    <property name="sun.management.compiler" value="HotSpot 64-Bit Tiered Compilers"/>
    <property name="java.runtime.version" value="11.0.15+10-Ubuntu-0ubuntu0.20.04.1"/>
    <property name="user.name" value="fcd"/>
    <property name="path.separator" value=":"/>
    <property name="os.version" value="5.4.0-110-generic"/>
    <property name="java.runtime.name" value="OpenJDK Runtime Environment"/>
    <property name="file.encoding" value="UTF-8"/>
    <property name="java.vm.name" value="OpenJDK 64-Bit Server VM"/>
    <property name="localRepository" value="/home/fcd/.m2/repository"/>
    <property name="java.vendor.url.bug" value="Unknown"/>
    <property name="jetty.git.hash" value="432f896d7a4555fcc81f38108757ea0aca8788e6"/>
    <property name="java.io.tmpdir" value="/tmp"/>
    <property name="idea.version" value="2022.1.1"/>
    <property name="java.version" value="11.0.15"/>
    <property name="user.dir" value="/home/fcd/Desktop/PDM/project/ApplicationServer"/>
    <property name="os.arch" value="amd64"/>
    <property name="java.vm.specification.name" value="Java Virtual Machine Specification"/>
    <property name="java.awt.printerjob" value="sun.print.PSPrinterJob"/>
    <property name="sun.os.patch.level" value="unknown"/>
    <property name="java.library.path" value="/usr/java/packages/lib:/usr/lib/x86_64-linux-gnu/jni:/lib/x86_64-linux-gnu:/usr/lib/x86_64-linux-gnu:/usr/lib/jni:/lib:/usr/lib"/>
    <property name="java.vm.info" value="mixed mode, sharing"/>
    <property name="java.vendor" value="Private Build"/>
    <property name="java.vm.version" value="11.0.15+10-Ubuntu-0ubuntu0.20.04.1"/>
    <property name="sun.io.unicode.encoding" value="UnicodeLittle"/>
    <property name="java.class.version" value="55.0"/>
  </properties>
  <testcase name="" classname="com.app.MyResourceTest" time="0.54">
    <error type="jakarta.ws.rs.ProcessingException"><![CDATA[jakarta.ws.rs.ProcessingException: Exception thrown when trying to create jetty server.
	at com.app.MyResourceTest.beforeAllTests(MyResourceTest.java:25)
Caused by: java.io.IOException: Failed to bind to 0.0.0.0/0.0.0.0:8080
	at com.app.MyResourceTest.beforeAllTests(MyResourceTest.java:25)
Caused by: java.net.BindException: Endereço já em uso
	at com.app.MyResourceTest.beforeAllTests(MyResourceTest.java:25)
]]></error>
    <system-err><![CDATA[mai 26, 2022 1:06:36 DA MANHÃ org.glassfish.jersey.server.wadl.WadlFeature configure
WARNING: JAXBContext implementation could not be found. WADL feature is disabled.
[main] INFO org.eclipse.jetty.server.Server - jetty-11.0.0; built: 2020-12-02T21:37:29.286Z; git: 432f896d7a4555fcc81f38108757ea0aca8788e6; jvm 11.0.15+10-Ubuntu-0ubuntu0.20.04.1
]]></system-err>
  </testcase>
</testsuite>